Build started 6/18/2011 10:24:57 AM.
     1>Project "C:\Users\Demetrious\Documents\Visual Studio 2010\Projects\C++_Projects\Simple_C++_MUD_Client\Simple_C++_MUD_Client.vcxproj" on node 2 (build target(s)).
     1>InitializeBuildStatus:
         Creating "Debug\Simple_C++_MUD_Client.unsuccessfulbuild" because "AlwaysCreate" was specified.
       GenerateTargetFrameworkMonikerAttribute:
       Skipping target "GenerateTargetFrameworkMonikerAttribute" because all output files are up-to-date with respect to the input files.
       ClCompile:
         All outputs are up-to-date.
         c:\Program Files\Microsoft Visual Studio 10.0\VC\bin\CL.exe /c /AI"C:\Program Files\Reference Assemblies\Microsoft\Framework\.NETFramework\v4.0" /Zi /clr /nologo /W3 /WX- /Od /Oy- /D WIN32 /D _DEBUG /D _UNICODE /D UNICODE /EHa /MDd /GS /fp:precise /Zc:wchar_t /Zc:forScope /Yu"StdAfx.h" /Fp"Debug\Simple_C++_MUD_Client.pch" /Fo"Debug\\" /Fd"Debug\vc100.pdb" /TP /FU"C:\Program Files\Reference Assemblies\Microsoft\Framework\.NETFramework\v4.0\System.Core.dll" /FU"C:\Program Files\Reference Assemblies\Microsoft\Framework\.NETFramework\v4.0\System.Data.dll" /FU"C:\Program Files\Reference Assemblies\Microsoft\Framework\.NETFramework\v4.0\System.dll" /FU"C:\Program Files\Reference Assemblies\Microsoft\Framework\.NETFramework\v4.0\System.Xml.dll" /analyze- /errorReport:prompt main.cpp /clr:nostdlib 
         main.cpp
         All outputs are up-to-date.
       ResourceCompile:
         All outputs are up-to-date.
       Link:
         c:\Program Files\Microsoft Visual Studio 10.0\VC\bin\link.exe /ERRORREPORT:PROMPT /OUT:"C:\Users\Demetrious\Documents\Visual Studio 2010\Projects\C++_Projects\Simple_C++_MUD_Client\Debug\Simple_C++_MUD_Client.exe" /INCREMENTAL /NOLOGO /MANIFEST /ManifestFile:"Debug\Simple_C++_MUD_Client.exe.intermediate.manifest" /MANIFESTUAC:"level='asInvoker' uiAccess='false'" /DEBUG /PDB:"C:\Users\Demetrious\Documents\Visual Studio 2010\Projects\C++_Projects\Simple_C++_MUD_Client\Debug\Simple_C++_MUD_Client.pdb" /ASSEMBLYDEBUG /TLBID:1 /DYNAMICBASE /FIXED:NO /NXCOMPAT /MACHINE:X86 Debug\app.res
         Debug\AssemblyInfo.obj
         Debug\main.obj
         Debug\stdafx.obj
         "Debug\.NETFramework,Version=v4.0.AssemblyAttributes.obj"
         Simple_C++_MUD_Client.vcxproj -> C:\Users\Demetrious\Documents\Visual Studio 2010\Projects\C++_Projects\Simple_C++_MUD_Client\Debug\Simple_C++_MUD_Client.exe
       Manifest:
         C:\Program Files\Microsoft SDKs\Windows\v7.0A\bin\mt.exe /nologo /verbose /outputresource:"C:\Users\Demetrious\Documents\Visual Studio 2010\Projects\C++_Projects\Simple_C++_MUD_Client\Debug\Simple_C++_MUD_Client.exe;#1" /manifest Debug\Simple_C++_MUD_Client.exe.intermediate.manifest
       FinalizeBuildStatus:
         Deleting file "Debug\Simple_C++_MUD_Client.unsuccessfulbuild".
         Touching "Debug\Simple_C++_MUD_Client.lastbuildstate".
     1>Done Building Project "C:\Users\Demetrious\Documents\Visual Studio 2010\Projects\C++_Projects\Simple_C++_MUD_Client\Simple_C++_MUD_Client.vcxproj" (build target(s)).

Build succeeded.

Time Elapsed 00:00:22.52
